Determining if the function log exists failed with the following output:
Change Dir: /home/jayson/Documents/open/myopen/cmake/CMakeFiles/CMakeTmp

Run Build Command:/usr/bin/make "cmTryCompileExec3332737057/fast"
/usr/bin/make -f CMakeFiles/cmTryCompileExec3332737057.dir/build.make CMakeFiles/cmTryCompileExec3332737057.dir/build
make[1]: Entering directory `/home/jayson/Documents/open/myopen/cmake/CMakeFiles/CMakeTmp'
/usr/bin/cmake -E cmake_progress_report /home/jayson/Documents/open/myopen/cmake/CMakeFiles/CMakeTmp/CMakeFiles 1
Building C object CMakeFiles/cmTryCompileExec3332737057.dir/CheckFunctionExists.c.o
/usr/bin/cc   -DCHECK_FUNCTION_EXISTS=log   -o CMakeFiles/cmTryCompileExec3332737057.dir/CheckFunctionExists.c.o   -c /usr/share/cmake-2.8/Modules/CheckFunctionExists.c
<command-line>:0:23: warning: conflicting types for built-in function ‘log’ [enabled by default]
/usr/share/cmake-2.8/Modules/CheckFunctionExists.c:3:6: note: in expansion of macro ‘CHECK_FUNCTION_EXISTS’
 char CHECK_FUNCTION_EXISTS();
      ^
Linking C executable cmTryCompileExec3332737057
/usr/bin/cmake -E cmake_link_script CMakeFiles/cmTryCompileExec3332737057.dir/link.txt --verbose=1
/usr/bin/cc   -DCHECK_FUNCTION_EXISTS=log    CMakeFiles/cmTryCompileExec3332737057.dir/CheckFunctionExists.c.o  -o cmTryCompileExec3332737057 -rdynamic 
CMakeFiles/cmTryCompileExec3332737057.dir/CheckFunctionExists.c.o: In function `main':
CheckFunctionExists.c:(.text+0x15): undefined reference to `log'
collect2: error: ld returned 1 exit status
make[1]: *** [cmTryCompileExec3332737057] Error 1
make[1]: Leaving directory `/home/jayson/Documents/open/myopen/cmake/CMakeFiles/CMakeTmp'
make: *** [cmTryCompileExec3332737057/fast] Error 2


Determining if the function exp exists failed with the following output:
Change Dir: /home/jayson/Documents/open/myopen/cmake/CMakeFiles/CMakeTmp

Run Build Command:/usr/bin/make "cmTryCompileExec757401458/fast"
/usr/bin/make -f CMakeFiles/cmTryCompileExec757401458.dir/build.make CMakeFiles/cmTryCompileExec757401458.dir/build
make[1]: Entering directory `/home/jayson/Documents/open/myopen/cmake/CMakeFiles/CMakeTmp'
/usr/bin/cmake -E cmake_progress_report /home/jayson/Documents/open/myopen/cmake/CMakeFiles/CMakeTmp/CMakeFiles 1
Building C object CMakeFiles/cmTryCompileExec757401458.dir/CheckFunctionExists.c.o
/usr/bin/cc   -DCHECK_FUNCTION_EXISTS=exp   -o CMakeFiles/cmTryCompileExec757401458.dir/CheckFunctionExists.c.o   -c /usr/share/cmake-2.8/Modules/CheckFunctionExists.c
<command-line>:0:23: warning: conflicting types for built-in function ‘exp’ [enabled by default]
/usr/share/cmake-2.8/Modules/CheckFunctionExists.c:3:6: note: in expansion of macro ‘CHECK_FUNCTION_EXISTS’
 char CHECK_FUNCTION_EXISTS();
      ^
Linking C executable cmTryCompileExec757401458
/usr/bin/cmake -E cmake_link_script CMakeFiles/cmTryCompileExec757401458.dir/link.txt --verbose=1
/usr/bin/cc   -DCHECK_FUNCTION_EXISTS=exp    CMakeFiles/cmTryCompileExec757401458.dir/CheckFunctionExists.c.o  -o cmTryCompileExec757401458 -rdynamic 
CMakeFiles/cmTryCompileExec757401458.dir/CheckFunctionExists.c.o: In function `main':
CheckFunctionExists.c:(.text+0x15): undefined reference to `exp'
collect2: error: ld returned 1 exit status
make[1]: *** [cmTryCompileExec757401458] Error 1
make[1]: Leaving directory `/home/jayson/Documents/open/myopen/cmake/CMakeFiles/CMakeTmp'
make: *** [cmTryCompileExec757401458/fast] Error 2


